<?xml version="1.0" encoding="UTF-8"?>
<testng-results ignored="0" total="1" passed="1" failed="0" skipped="0">
  <reporter-output>
  </reporter-output>
  <suite started-at="2023-11-01T23:13:07 EDT" name="Default suite" finished-at="2023-11-01T23:13:45 EDT" duration-ms="37172">
    <groups>
    </groups>
    <test started-at="2023-11-01T23:13:07 EDT" name="Default test" finished-at="2023-11-01T23:13:45 EDT" duration-ms="37172">
      <class name="in.amazon.tests.BuyMobileTest">
        <test-method is-config="true" signature="launchApplication()[pri:0, instance:in.amazon.tests.BuyMobileTest@5d7148e2]" started-at="2023-11-01T23:13:07 EDT" name="launchApplication" finished-at="2023-11-01T23:13:15 EDT" duration-ms="7179" status="PASS">
          <reporter-output>
          </reporter-output>
        </test-method> <!-- launchApplication -->
        <test-method signature="BuyMobileTest()[pri:0, instance:in.amazon.tests.BuyMobileTest@5d7148e2]" started-at="2023-11-01T23:13:15 EDT" name="BuyMobileTest" finished-at="2023-11-01T23:13:45 EDT" duration-ms="29877" status="PASS">
          <reporter-output>
          </reporter-output>
        </test-method> <!-- BuyMobileTest -->
        <test-method is-config="true" signature="closeBrowser()[pri:0, instance:in.amazon.tests.BuyMobileTest@5d7148e2]" started-at="2023-11-01T23:13:45 EDT" name="closeBrowser" finished-at="2023-11-01T23:13:45 EDT" duration-ms="1" status="PASS">
          <reporter-output>
          </reporter-output>
        </test-method> <!-- closeBrowser -->
      </class> <!-- in.amazon.tests.BuyMobileTest -->
    </test> <!-- Default test -->
  </suite> <!-- Default suite -->
</testng-results>
