<?xml version="1.0" encoding="UTF-8"?>
<testng-results ignored="0" total="1" passed="1" failed="0" skipped="0">
  <reporter-output>
  </reporter-output>
  <suite started-at="2023-10-31T22:55:43 EDT" name="Default suite" finished-at="2023-10-31T22:56:13 EDT" duration-ms="30471">
    <groups>
    </groups>
    <test started-at="2023-10-31T22:55:43 EDT" name="Default test" finished-at="2023-10-31T22:56:13 EDT" duration-ms="30471">
      <class name="in.amazon.tests.BuyMobileTest">
        <test-method is-config="true" signature="launchApplication()[pri:0, instance:in.amazon.tests.BuyMobileTest@f5acb9d]" started-at="2023-10-31T22:55:43 EDT" name="launchApplication" finished-at="2023-10-31T22:55:49 EDT" duration-ms="6810" status="PASS">
          <reporter-output>
          </reporter-output>
        </test-method> <!-- launchApplication -->
        <test-method signature="BuyMobileTest()[pri:0, instance:in.amazon.tests.BuyMobileTest@f5acb9d]" started-at="2023-10-31T22:55:50 EDT" name="BuyMobileTest" finished-at="2023-10-31T22:56:13 EDT" duration-ms="23539" status="PASS">
          <reporter-output>
          </reporter-output>
        </test-method> <!-- BuyMobileTest -->
        <test-method is-config="true" signature="closeBrowser()[pri:0, instance:in.amazon.tests.BuyMobileTest@f5acb9d]" started-at="2023-10-31T22:56:13 EDT" name="closeBrowser" finished-at="2023-10-31T22:56:13 EDT" duration-ms="0" status="PASS">
          <reporter-output>
          </reporter-output>
        </test-method> <!-- closeBrowser -->
      </class> <!-- in.amazon.tests.BuyMobileTest -->
    </test> <!-- Default test -->
  </suite> <!-- Default suite -->
</testng-results>
